TN:
SF:src/app.js
FN:13,(anonymous_0)
FNF:1
FNH:0
FNDA:0,(anonymous_0)
DA:1,1
DA:2,1
DA:3,1
DA:5,1
DA:7,1
DA:9,1
DA:11,1
DA:13,1
DA:14,0
DA:17,1
LF:10
LH:9
BRF:0
BRH:0
end_of_record
TN:
SF:src/config/swagger-jsdoc.js
FNF:0
FNH:0
DA:1,1
DA:2,1
DA:4,1
DA:22,1
DA:24,1
LF:5
LH:5
BRF:0
BRH:0
end_of_record
TN:
SF:src/config/swagger.js
FN:4,setupSwagger
FNF:1
FNH:1
FNDA:1,setupSwagger
DA:1,1
DA:2,1
DA:5,1
DA:8,1
LF:4
LH:4
BRF:0
BRH:0
end_of_record
TN:
SF:src/controllers/userController.js
FN:5,(anonymous_0)
FN:16,(anonymous_1)
FN:26,(anonymous_2)
FN:43,(anonymous_3)
FN:63,(anonymous_4)
FNF:5
FNH:5
FNDA:5,(anonymous_0)
FNDA:2,(anonymous_1)
FNDA:3,(anonymous_2)
FNDA:5,(anonymous_3)
FNDA:3,(anonymous_4)
DA:1,1
DA:2,1
DA:5,1
DA:6,5
DA:7,5
DA:8,5
DA:9,2
DA:11,3
DA:16,1
DA:17,2
DA:18,2
DA:19,2
DA:21,0
DA:26,1
DA:27,3
DA:29,3
DA:30,1
DA:33,2
DA:34,2
DA:35,2
DA:36,1
DA:38,0
DA:43,1
DA:44,5
DA:46,5
DA:47,1
DA:50,4
DA:51,4
DA:55,3
DA:56,2
DA:58,1
DA:63,1
DA:64,3
DA:65,3
DA:66,1
DA:69,2
DA:70,2
DA:72,1
DA:74,0
LF:39
LH:36
BRDA:29,0,0,1
BRDA:29,0,1,2
BRDA:35,1,0,1
BRDA:35,1,1,1
BRDA:46,2,0,1
BRDA:46,2,1,4
BRDA:55,3,0,1
BRDA:55,3,1,2
BRDA:65,4,0,1
BRDA:65,4,1,2
BRDA:70,5,0,1
BRDA:70,5,1,1
BRF:12
BRH:12
end_of_record
TN:
SF:src/models/userModel.js
FNF:0
FNH:0
DA:1,1
DA:3,1
DA:19,1
LF:3
LH:3
BRF:0
BRH:0
end_of_record
TN:
SF:src/routes/userRoute.js
FNF:0
FNH:0
DA:1,1
DA:2,1
DA:9,1
DA:11,1
DA:12,1
DA:13,1
DA:14,1
DA:15,1
DA:17,1
LF:9
LH:9
BRF:0
BRH:0
end_of_record
TN:
SF:tests/fixtures/users.js
FNF:0
FNH:0
DA:1,1
DA:16,1
DA:30,1
DA:37,1
LF:4
LH:4
BRF:0
BRH:0
end_of_record
